<?xml version="1.0" encoding="UTF-8"?>
<!-- Generated by org.testng.reporters.JUnitReportReporter -->
<testsuite hostname="Home-PC" name="com.saninco.maventest.TestNGTest" tests="1" failures="0" timestamp="24 Nov 2015 20:46:46 GMT" time="11.678" errors="0">
  <testcase name="f" time="11.678" classname="com.saninco.maventest.TestNGTest"/>
</testsuite> <!-- com.saninco.maventest.TestNGTest -->
